

Microchip MPLAB XC8 Assembler V2.46 build 20240104201356 
                                                                                               Fri Jan 24 09:35:07 2025

Microchip MPLAB XC8 C Compiler v2.46 (Free license) build 20240104201356 Og1 
     1                           	processor	16F1719
     2                           	pagewidth 120
     3                           	opt	flic
     4                           	psect	cinit,global,class=CODE,merge=1,delta=2
     5                           	psect	cstackCOMMON,global,class=COMMON,space=1,delta=1,noexec
     6                           	psect	maintext,global,class=CODE,merge=1,split=1,delta=2
     7                           	psect	text1,local,class=CODE,merge=1,delta=2
     8                           	psect	text2,local,class=CODE,merge=1,delta=2
     9                           	psect	text3,local,class=CODE,merge=1,delta=2
    10                           	psect	text4,local,class=CODE,merge=1,delta=2
    11                           	psect	text5,local,class=CODE,merge=1,delta=2
    12                           	psect	text6,local,class=CODE,merge=1,delta=2
    13                           	psect	config,global,abs,ovrld,class=CONFIG,space=4,delta=2,noexec
    14                           	dabs	1,0x7E,2
    15     0000                     
    16                           ; Generated 07/09/2023 GMT
    17                           ; 
    18                           ; Copyright © 2023, Microchip Technology Inc. and its subsidiaries ("Microchip")
    19                           ; All rights reserved.
    20                           ; 
    21                           ; This software is developed by Microchip Technology Inc. and its subsidiaries ("Microch
      +                          ip").
    22                           ; 
    23                           ; Redistribution and use in source and binary forms, with or without modification, are
    24                           ; permitted provided that the following conditions are met:
    25                           ; 
    26                           ;     1. Redistributions of source code must retain the above copyright notice, this lis
      +                          t of
    27                           ;        conditions and the following disclaimer.
    28                           ; 
    29                           ;     2. Redistributions in binary form must reproduce the above copyright notice, this 
      +                          list
    30                           ;        of conditions and the following disclaimer in the documentation and/or other
    31                           ;        materials provided with the distribution. Publication is not required when
    32                           ;        this file is used in an embedded application.
    33                           ; 
    34                           ;     3. Microchip's name may not be used to endorse or promote products derived from th
      +                          is
    35                           ;        software without specific prior written permission.
    36                           ; 
    37                           ; THIS SOFTWARE IS PROVIDED BY MICROCHIP "AS IS" AND ANY EXPRESS OR IMPLIED WARRANTIES,
    38                           ; INCLUDING, BUT NOT LIMITED TO, THE IMPLIED WARRANTIES OF MERCHANTABILITY AND FITNESS F
      +                          OR
    39                           ; PURPOSE ARE DISCLAIMED.  IN NO EVENT SHALL MICROCHIP BE LIABLE FOR ANY DIRECT, INDIREC
      +                          T,
    40                           ; INCIDENTAL, SPECIAL, EXEMPLARY, OR CONSEQUENTIAL DAMAGES (INCLUDING BUT NOT LIMITED TO
    41                           ; PROCUREMENT OF SUBSTITUTE GOODS OR SERVICES; LOSS OF USE, DATA OR PROFITS; OR BUSINESS
    42                           ; INTERRUPTION) HOWSOEVER CAUSED AND ON ANY THEORY OF LIABILITY, WHETHER IN CONTRACT, ST
      +                          RICT
    43                           ; LIABILITY, OR TORT (INCLUDING NEGLIGENCE OR OTHERWISE) ARISING IN ANY WAY OUT OF THE U
      +                          SE OF
    44                           ; THIS SOFTWARE, EVEN IF ADVISED OF THE POSSIBILITY OF SUCH DAMAGE.
    45                           ; 
    46                           ; 
    47                           ; Code-generator required, PIC16F1719 Definitions
    48                           ; 
    49                           ; SFR Addresses
    50     0000                     	;# 
    51     0001                     	;# 
    52     0002                     	;# 
    53     0003                     	;# 
    54     0004                     	;# 
    55     0005                     	;# 
    56     0006                     	;# 
    57     0007                     	;# 
    58     0008                     	;# 
    59     0009                     	;# 
    60     000A                     	;# 
    61     000B                     	;# 
    62     000C                     	;# 
    63     000D                     	;# 
    64     000E                     	;# 
    65     000F                     	;# 
    66     0010                     	;# 
    67     0011                     	;# 
    68     0012                     	;# 
    69     0013                     	;# 
    70     0015                     	;# 
    71     0016                     	;# 
    72     0016                     	;# 
    73     0017                     	;# 
    74     0018                     	;# 
    75     0019                     	;# 
    76     001A                     	;# 
    77     001B                     	;# 
    78     001C                     	;# 
    79     008C                     	;# 
    80     008D                     	;# 
    81     008E                     	;# 
    82     008F                     	;# 
    83     0090                     	;# 
    84     0091                     	;# 
    85     0092                     	;# 
    86     0093                     	;# 
    87     0095                     	;# 
    88     0096                     	;# 
    89     0097                     	;# 
    90     0098                     	;# 
    91     0099                     	;# 
    92     009A                     	;# 
    93     009B                     	;# 
    94     009B                     	;# 
    95     009C                     	;# 
    96     009D                     	;# 
    97     009E                     	;# 
    98     009F                     	;# 
    99     010C                     	;# 
   100     010D                     	;# 
   101     010E                     	;# 
   102     010F                     	;# 
   103     0110                     	;# 
   104     0111                     	;# 
   105     0112                     	;# 
   106     0113                     	;# 
   107     0114                     	;# 
   108     0115                     	;# 
   109     0116                     	;# 
   110     0117                     	;# 
   111     0118                     	;# 
   112     0119                     	;# 
   113     011A                     	;# 
   114     011B                     	;# 
   115     011B                     	;# 
   116     011C                     	;# 
   117     018C                     	;# 
   118     018D                     	;# 
   119     018E                     	;# 
   120     018F                     	;# 
   121     0190                     	;# 
   122     0191                     	;# 
   123     0191                     	;# 
   124     0192                     	;# 
   125     0193                     	;# 
   126     0193                     	;# 
   127     0194                     	;# 
   128     0195                     	;# 
   129     0196                     	;# 
   130     0197                     	;# 
   131     0199                     	;# 
   132     0199                     	;# 
   133     0199                     	;# 
   134     019A                     	;# 
   135     019A                     	;# 
   136     019A                     	;# 
   137     019B                     	;# 
   138     019B                     	;# 
   139     019B                     	;# 
   140     019B                     	;# 
   141     019B                     	;# 
   142     019C                     	;# 
   143     019C                     	;# 
   144     019C                     	;# 
   145     019D                     	;# 
   146     019D                     	;# 
   147     019D                     	;# 
   148     019E                     	;# 
   149     019E                     	;# 
   150     019E                     	;# 
   151     019F                     	;# 
   152     019F                     	;# 
   153     019F                     	;# 
   154     019F                     	;# 
   155     019F                     	;# 
   156     020C                     	;# 
   157     020D                     	;# 
   158     020E                     	;# 
   159     020F                     	;# 
   160     0210                     	;# 
   161     0211                     	;# 
   162     0211                     	;# 
   163     0212                     	;# 
   164     0212                     	;# 
   165     0213                     	;# 
   166     0213                     	;# 
   167     0214                     	;# 
   168     0214                     	;# 
   169     0215                     	;# 
   170     0215                     	;# 
   171     0215                     	;# 
   172     0215                     	;# 
   173     0216                     	;# 
   174     0216                     	;# 
   175     0217                     	;# 
   176     0217                     	;# 
   177     028C                     	;# 
   178     028D                     	;# 
   179     028E                     	;# 
   180     028F                     	;# 
   181     0290                     	;# 
   182     0291                     	;# 
   183     0291                     	;# 
   184     0292                     	;# 
   185     0293                     	;# 
   186     0293                     	;# 
   187     0298                     	;# 
   188     0298                     	;# 
   189     0299                     	;# 
   190     029A                     	;# 
   191     029A                     	;# 
   192     029E                     	;# 
   193     030C                     	;# 
   194     030D                     	;# 
   195     030E                     	;# 
   196     030F                     	;# 
   197     0310                     	;# 
   198     038C                     	;# 
   199     038D                     	;# 
   200     038E                     	;# 
   201     038F                     	;# 
   202     0390                     	;# 
   203     0391                     	;# 
   204     0392                     	;# 
   205     0393                     	;# 
   206     0394                     	;# 
   207     0395                     	;# 
   208     0396                     	;# 
   209     0397                     	;# 
   210     0398                     	;# 
   211     0399                     	;# 
   212     039D                     	;# 
   213     039E                     	;# 
   214     039F                     	;# 
   215     0415                     	;# 
   216     0416                     	;# 
   217     0417                     	;# 
   218     041C                     	;# 
   219     041D                     	;# 
   220     041E                     	;# 
   221     0498                     	;# 
   222     0498                     	;# 
   223     0499                     	;# 
   224     049A                     	;# 
   225     049B                     	;# 
   226     049B                     	;# 
   227     049C                     	;# 
   228     049D                     	;# 
   229     049E                     	;# 
   230     049F                     	;# 
   231     0511                     	;# 
   232     0515                     	;# 
   233     0617                     	;# 
   234     0618                     	;# 
   235     0619                     	;# 
   236     0619                     	;# 
   237     061A                     	;# 
   238     061B                     	;# 
   239     061C                     	;# 
   240     061C                     	;# 
   241     0691                     	;# 
   242     0692                     	;# 
   243     0693                     	;# 
   244     0694                     	;# 
   245     0695                     	;# 
   246     0696                     	;# 
   247     0697                     	;# 
   248     0698                     	;# 
   249     0699                     	;# 
   250     069A                     	;# 
   251     069B                     	;# 
   252     069C                     	;# 
   253     069D                     	;# 
   254     069E                     	;# 
   255     069F                     	;# 
   256     0E0F                     	;# 
   257     0E10                     	;# 
   258     0E11                     	;# 
   259     0E12                     	;# 
   260     0E13                     	;# 
   261     0E14                     	;# 
   262     0E15                     	;# 
   263     0E17                     	;# 
   264     0E20                     	;# 
   265     0E21                     	;# 
   266     0E22                     	;# 
   267     0E24                     	;# 
   268     0E25                     	;# 
   269     0E28                     	;# 
   270     0E29                     	;# 
   271     0E2A                     	;# 
   272     0E2B                     	;# 
   273     0E90                     	;# 
   274     0E91                     	;# 
   275     0E92                     	;# 
   276     0E93                     	;# 
   277     0E94                     	;# 
   278     0E95                     	;# 
   279     0E96                     	;# 
   280     0E97                     	;# 
   281     0E98                     	;# 
   282     0E99                     	;# 
   283     0E9A                     	;# 
   284     0E9B                     	;# 
   285     0E9C                     	;# 
   286     0E9D                     	;# 
   287     0E9E                     	;# 
   288     0E9F                     	;# 
   289     0EA0                     	;# 
   290     0EA1                     	;# 
   291     0EA2                     	;# 
   292     0EA3                     	;# 
   293     0EA4                     	;# 
   294     0EA5                     	;# 
   295     0EA6                     	;# 
   296     0EA7                     	;# 
   297     0EA8                     	;# 
   298     0EA9                     	;# 
   299     0EAA                     	;# 
   300     0EAB                     	;# 
   301     0EAC                     	;# 
   302     0EAD                     	;# 
   303     0EAE                     	;# 
   304     0EAF                     	;# 
   305     0EB0                     	;# 
   306     0EB1                     	;# 
   307     0EB2                     	;# 
   308     0F0F                     	;# 
   309     0F10                     	;# 
   310     0F11                     	;# 
   311     0F12                     	;# 
   312     0F13                     	;# 
   313     0F14                     	;# 
   314     0F15                     	;# 
   315     0F16                     	;# 
   316     0F17                     	;# 
   317     0F18                     	;# 
   318     0F19                     	;# 
   319     0F1A                     	;# 
   320     0F1B                     	;# 
   321     0F1C                     	;# 
   322     0F1D                     	;# 
   323     0F1E                     	;# 
   324     0F1F                     	;# 
   325     0F20                     	;# 
   326     0F21                     	;# 
   327     0F22                     	;# 
   328     0F23                     	;# 
   329     0F24                     	;# 
   330     0F25                     	;# 
   331     0F26                     	;# 
   332     0F27                     	;# 
   333     0F28                     	;# 
   334     0F29                     	;# 
   335     0F2A                     	;# 
   336     0F2B                     	;# 
   337     0F2C                     	;# 
   338     0F2D                     	;# 
   339     0F2E                     	;# 
   340     0F2F                     	;# 
   341     0F30                     	;# 
   342     0F31                     	;# 
   343     0F32                     	;# 
   344     0F33                     	;# 
   345     0F34                     	;# 
   346     0F35                     	;# 
   347     0F36                     	;# 
   348     0F37                     	;# 
   349     0FE4                     	;# 
   350     0FE5                     	;# 
   351     0FE6                     	;# 
   352     0FE7                     	;# 
   353     0FE8                     	;# 
   354     0FE9                     	;# 
   355     0FEA                     	;# 
   356     0FEB                     	;# 
   357     0FED                     	;# 
   358     0FEE                     	;# 
   359     0FEF                     	;# 
   360     0000                     	;# 
   361     0001                     	;# 
   362     0002                     	;# 
   363     0003                     	;# 
   364     0004                     	;# 
   365     0005                     	;# 
   366     0006                     	;# 
   367     0007                     	;# 
   368     0008                     	;# 
   369     0009                     	;# 
   370     000A                     	;# 
   371     000B                     	;# 
   372     000C                     	;# 
   373     000D                     	;# 
   374     000E                     	;# 
   375     000F                     	;# 
   376     0010                     	;# 
   377     0011                     	;# 
   378     0012                     	;# 
   379     0013                     	;# 
   380     0015                     	;# 
   381     0016                     	;# 
   382     0016                     	;# 
   383     0017                     	;# 
   384     0018                     	;# 
   385     0019                     	;# 
   386     001A                     	;# 
   387     001B                     	;# 
   388     001C                     	;# 
   389     008C                     	;# 
   390     008D                     	;# 
   391     008E                     	;# 
   392     008F                     	;# 
   393     0090                     	;# 
   394     0091                     	;# 
   395     0092                     	;# 
   396     0093                     	;# 
   397     0095                     	;# 
   398     0096                     	;# 
   399     0097                     	;# 
   400     0098                     	;# 
   401     0099                     	;# 
   402     009A                     	;# 
   403     009B                     	;# 
   404     009B                     	;# 
   405     009C                     	;# 
   406     009D                     	;# 
   407     009E                     	;# 
   408     009F                     	;# 
   409     010C                     	;# 
   410     010D                     	;# 
   411     010E                     	;# 
   412     010F                     	;# 
   413     0110                     	;# 
   414     0111                     	;# 
   415     0112                     	;# 
   416     0113                     	;# 
   417     0114                     	;# 
   418     0115                     	;# 
   419     0116                     	;# 
   420     0117                     	;# 
   421     0118                     	;# 
   422     0119                     	;# 
   423     011A                     	;# 
   424     011B                     	;# 
   425     011B                     	;# 
   426     011C                     	;# 
   427     018C                     	;# 
   428     018D                     	;# 
   429     018E                     	;# 
   430     018F                     	;# 
   431     0190                     	;# 
   432     0191                     	;# 
   433     0191                     	;# 
   434     0192                     	;# 
   435     0193                     	;# 
   436     0193                     	;# 
   437     0194                     	;# 
   438     0195                     	;# 
   439     0196                     	;# 
   440     0197                     	;# 
   441     0199                     	;# 
   442     0199                     	;# 
   443     0199                     	;# 
   444     019A                     	;# 
   445     019A                     	;# 
   446     019A                     	;# 
   447     019B                     	;# 
   448     019B                     	;# 
   449     019B                     	;# 
   450     019B                     	;# 
   451     019B                     	;# 
   452     019C                     	;# 
   453     019C                     	;# 
   454     019C                     	;# 
   455     019D                     	;# 
   456     019D                     	;# 
   457     019D                     	;# 
   458     019E                     	;# 
   459     019E                     	;# 
   460     019E                     	;# 
   461     019F                     	;# 
   462     019F                     	;# 
   463     019F                     	;# 
   464     019F                     	;# 
   465     019F                     	;# 
   466     020C                     	;# 
   467     020D                     	;# 
   468     020E                     	;# 
   469     020F                     	;# 
   470     0210                     	;# 
   471     0211                     	;# 
   472     0211                     	;# 
   473     0212                     	;# 
   474     0212                     	;# 
   475     0213                     	;# 
   476     0213                     	;# 
   477     0214                     	;# 
   478     0214                     	;# 
   479     0215                     	;# 
   480     0215                     	;# 
   481     0215                     	;# 
   482     0215                     	;# 
   483     0216                     	;# 
   484     0216                     	;# 
   485     0217                     	;# 
   486     0217                     	;# 
   487     028C                     	;# 
   488     028D                     	;# 
   489     028E                     	;# 
   490     028F                     	;# 
   491     0290                     	;# 
   492     0291                     	;# 
   493     0291                     	;# 
   494     0292                     	;# 
   495     0293                     	;# 
   496     0293                     	;# 
   497     0298                     	;# 
   498     0298                     	;# 
   499     0299                     	;# 
   500     029A                     	;# 
   501     029A                     	;# 
   502     029E                     	;# 
   503     030C                     	;# 
   504     030D                     	;# 
   505     030E                     	;# 
   506     030F                     	;# 
   507     0310                     	;# 
   508     038C                     	;# 
   509     038D                     	;# 
   510     038E                     	;# 
   511     038F                     	;# 
   512     0390                     	;# 
   513     0391                     	;# 
   514     0392                     	;# 
   515     0393                     	;# 
   516     0394                     	;# 
   517     0395                     	;# 
   518     0396                     	;# 
   519     0397                     	;# 
   520     0398                     	;# 
   521     0399                     	;# 
   522     039D                     	;# 
   523     039E                     	;# 
   524     039F                     	;# 
   525     0415                     	;# 
   526     0416                     	;# 
   527     0417                     	;# 
   528     041C                     	;# 
   529     041D                     	;# 
   530     041E                     	;# 
   531     0498                     	;# 
   532     0498                     	;# 
   533     0499                     	;# 
   534     049A                     	;# 
   535     049B                     	;# 
   536     049B                     	;# 
   537     049C                     	;# 
   538     049D                     	;# 
   539     049E                     	;# 
   540     049F                     	;# 
   541     0511                     	;# 
   542     0515                     	;# 
   543     0617                     	;# 
   544     0618                     	;# 
   545     0619                     	;# 
   546     0619                     	;# 
   547     061A                     	;# 
   548     061B                     	;# 
   549     061C                     	;# 
   550     061C                     	;# 
   551     0691                     	;# 
   552     0692                     	;# 
   553     0693                     	;# 
   554     0694                     	;# 
   555     0695                     	;# 
   556     0696                     	;# 
   557     0697                     	;# 
   558     0698                     	;# 
   559     0699                     	;# 
   560     069A                     	;# 
   561     069B                     	;# 
   562     069C                     	;# 
   563     069D                     	;# 
   564     069E                     	;# 
   565     069F                     	;# 
   566     0E0F                     	;# 
   567     0E10                     	;# 
   568     0E11                     	;# 
   569     0E12                     	;# 
   570     0E13                     	;# 
   571     0E14                     	;# 
   572     0E15                     	;# 
   573     0E17                     	;# 
   574     0E20                     	;# 
   575     0E21                     	;# 
   576     0E22                     	;# 
   577     0E24                     	;# 
   578     0E25                     	;# 
   579     0E28                     	;# 
   580     0E29                     	;# 
   581     0E2A                     	;# 
   582     0E2B                     	;# 
   583     0E90                     	;# 
   584     0E91                     	;# 
   585     0E92                     	;# 
   586     0E93                     	;# 
   587     0E94                     	;# 
   588     0E95                     	;# 
   589     0E96                     	;# 
   590     0E97                     	;# 
   591     0E98                     	;# 
   592     0E99                     	;# 
   593     0E9A                     	;# 
   594     0E9B                     	;# 
   595     0E9C                     	;# 
   596     0E9D                     	;# 
   597     0E9E                     	;# 
   598     0E9F                     	;# 
   599     0EA0                     	;# 
   600     0EA1                     	;# 
   601     0EA2                     	;# 
   602     0EA3                     	;# 
   603     0EA4                     	;# 
   604     0EA5                     	;# 
   605     0EA6                     	;# 
   606     0EA7                     	;# 
   607     0EA8                     	;# 
   608     0EA9                     	;# 
   609     0EAA                     	;# 
   610     0EAB                     	;# 
   611     0EAC                     	;# 
   612     0EAD                     	;# 
   613     0EAE                     	;# 
   614     0EAF                     	;# 
   615     0EB0                     	;# 
   616     0EB1                     	;# 
   617     0EB2                     	;# 
   618     0F0F                     	;# 
   619     0F10                     	;# 
   620     0F11                     	;# 
   621     0F12                     	;# 
   622     0F13                     	;# 
   623     0F14                     	;# 
   624     0F15                     	;# 
   625     0F16                     	;# 
   626     0F17                     	;# 
   627     0F18                     	;# 
   628     0F19                     	;# 
   629     0F1A                     	;# 
   630     0F1B                     	;# 
   631     0F1C                     	;# 
   632     0F1D                     	;# 
   633     0F1E                     	;# 
   634     0F1F                     	;# 
   635     0F20                     	;# 
   636     0F21                     	;# 
   637     0F22                     	;# 
   638     0F23                     	;# 
   639     0F24                     	;# 
   640     0F25                     	;# 
   641     0F26                     	;# 
   642     0F27                     	;# 
   643     0F28                     	;# 
   644     0F29                     	;# 
   645     0F2A                     	;# 
   646     0F2B                     	;# 
   647     0F2C                     	;# 
   648     0F2D                     	;# 
   649     0F2E                     	;# 
   650     0F2F                     	;# 
   651     0F30                     	;# 
   652     0F31                     	;# 
   653     0F32                     	;# 
   654     0F33                     	;# 
   655     0F34                     	;# 
   656     0F35                     	;# 
   657     0F36                     	;# 
   658     0F37                     	;# 
   659     0FE4                     	;# 
   660     0FE5                     	;# 
   661     0FE6                     	;# 
   662     0FE7                     	;# 
   663     0FE8                     	;# 
   664     0FE9                     	;# 
   665     0FEA                     	;# 
   666     0FEB                     	;# 
   667     0FED                     	;# 
   668     0FEE                     	;# 
   669     0FEF                     	;# 
   670     008D                     _TRISB	set	141
   671     008F                     _TRISD	set	143
   672     010D                     _LATB	set	269
   673     010F                     _LATD	set	271
   674                           
   675                           	psect	cinit
   676     07FD                     start_initialization:	
   677                           ; #config settings
   678                           
   679     07FD                     __initialization:
   680     07FD                     end_of_initialization:	
   681                           ;End of C runtime variable initialization code
   682                           
   683     07FD                     __end_of__initialization:
   684     07FD  0020               	movlb	0
   685     07FE  3187  2FCC         	ljmp	_main	;jump to C main() function
   686                           
   687                           	psect	cstackCOMMON
   688     0070                     __pcstackCOMMON:
   689     0070                     ?_output_D:
   690     0070                     ??_output_D:	
   691                           ; 1 bytes @ 0x0
   692                           
   693     0070                     ?_output_B:	
   694                           ; 1 bytes @ 0x0
   695                           
   696     0070                     ??_output_B:	
   697                           ; 1 bytes @ 0x0
   698                           
   699     0070                     ?_enable_D:	
   700                           ; 1 bytes @ 0x0
   701                           
   702     0070                     ??_enable_D:	
   703                           ; 1 bytes @ 0x0
   704                           
   705     0070                     ?_disable_B:	
   706                           ; 1 bytes @ 0x0
   707                           
   708     0070                     ??_disable_B:	
   709                           ; 1 bytes @ 0x0
   710                           
   711     0070                     ?_disable_D:	
   712                           ; 1 bytes @ 0x0
   713                           
   714     0070                     ??_disable_D:	
   715                           ; 1 bytes @ 0x0
   716                           
   717     0070                     ?_enable_B:	
   718                           ; 1 bytes @ 0x0
   719                           
   720     0070                     ??_enable_B:	
   721                           ; 1 bytes @ 0x0
   722                           
   723     0070                     ?_main:	
   724                           ; 1 bytes @ 0x0
   725                           
   726                           
   727                           ; 1 bytes @ 0x0
   728     0070                     	ds	1
   729     0071                     output_D@mask:
   730     0071                     output_B@mask:	
   731                           ; 1 bytes @ 0x1
   732                           
   733     0071                     enable_D@mask:	
   734                           ; 1 bytes @ 0x1
   735                           
   736     0071                     disable_D@mask:	
   737                           ; 1 bytes @ 0x1
   738                           
   739     0071                     disable_B@mask:	
   740                           ; 1 bytes @ 0x1
   741                           
   742     0071                     enable_B@mask:	
   743                           ; 1 bytes @ 0x1
   744                           
   745                           
   746                           ; 1 bytes @ 0x1
   747     0071                     	ds	1
   748     0072                     ??_main:
   749                           
   750                           ; 1 bytes @ 0x2
   751     0072                     	ds	2
   752                           
   753                           	psect	maintext
   754     07CC                     __pmaintext:	
   755 ;;
   756 ;;Main: autosize = 0, tempsize = 2, incstack = 0, save=0
   757 ;;
   758 ;; *************** function _main *****************
   759 ;; Defined at:
   760 ;;		line 6 in file "main.c"
   761 ;; Parameters:    Size  Location     Type
   762 ;;		None
   763 ;; Auto vars:     Size  Location     Type
   764 ;;		None
   765 ;; Return value:  Size  Location     Type
   766 ;;                  1    wreg      void 
   767 ;; Registers used:
   768 ;;		wreg, status,2, status,0, pclath, cstack
   769 ;; Tracked objects:
   770 ;;		On entry : B1F/0
   771 ;;		On exit  : 0/0
   772 ;;		Unchanged: 0/0
   773 ;; Data sizes:     COMMON   BANK0   BANK1   BANK2   BANK3   BANK4   BANK5   BANK6   BANK7   BANK8   BANK9  BANK10  BANK1
      +1  BANK12  BANK13  BANK14  BANK15  BANK16  BANK17  BANK18  BANK19  BANK20  BANK21  BANK22  BANK23  BANK24  BANK25
   774 ;;      Params:         0       0       0       0       0       0       0       0       0       0       0       0       
      +0       0       0       0       0       0       0       0       0       0       0       0       0       0       0
   775 ;;      Locals:         0       0       0       0       0       0       0       0       0       0       0       0       
      +0       0       0       0       0       0       0       0       0       0       0       0       0       0       0
   776 ;;      Temps:          2       0       0       0       0       0       0       0       0       0       0       0       
      +0       0       0       0       0       0       0       0       0       0       0       0       0       0       0
   777 ;;      Totals:         2       0       0       0       0       0       0       0       0       0       0       0       
      +0       0       0       0       0       0       0       0       0       0       0       0       0       0       0
   778 ;;Total ram usage:        2 bytes
   779 ;; Hardware stack levels required when called: 1
   780 ;; This function calls:
   781 ;;		_disable_B
   782 ;;		_disable_D
   783 ;;		_enable_B
   784 ;;		_enable_D
   785 ;;		_output_B
   786 ;;		_output_D
   787 ;; This function is called by:
   788 ;;		Startup code after reset
   789 ;; This function uses a non-reentrant model
   790 ;;
   791                           
   792     07CC                     _main:	
   793                           ;psect for function _main
   794                           
   795     07CC                     l586:	
   796                           ;incstack = 0
   797                           ; Regs used in _main: [wreg+status,2+status,0+pclath+cstack]
   798                           
   799                           
   800                           ;main.c: 11:     output_D(0x01 | 0x02 | 0x04 | 0x08);
   801     07CC  300F               	movlw	15
   802     07CD  3187  27C5  3187   	fcall	_output_D
   803                           
   804                           ;main.c: 12:     output_B(0x01 | 0x02 | 0x04 | 0x08);
   805     07D0  300F               	movlw	15
   806     07D1  3187  27BE  3187   	fcall	_output_B
   807     07D4                     l19:	
   808                           ;main.c: 14:     while(1){
   809                           
   810                           
   811                           ;main.c: 15:         enable_D(0x01 | 0x02 | 0x04 | 0x08);
   812     07D4  300F               	movlw	15
   813     07D5  3187  27B7  3187   	fcall	_enable_D
   814                           
   815                           ;main.c: 16:         disable_B(0x01 | 0x02 | 0x04 | 0x08);
   816     07D8  300F               	movlw	15
   817     07D9  3187  27A2  3187   	fcall	_disable_B
   818     07DC                     l588:
   819                           
   820                           ;main.c: 17:         _delay((unsigned long)((500)*(8000000/4000.0)));
   821     07DC  3006               	movlw	6
   822     07DD  00F3               	movwf	??_main+1
   823     07DE  3013               	movlw	19
   824     07DF  00F2               	movwf	??_main
   825     07E0  30AE               	movlw	174
   826     07E1                     u17:
   827     07E1  0B89               	decfsz	9,f
   828     07E2  2FE1               	goto	u17
   829     07E3  0BF2               	decfsz	??_main,f
   830     07E4  2FE1               	goto	u17
   831     07E5  0BF3               	decfsz	??_main+1,f
   832     07E6  2FE1               	goto	u17
   833     07E7                     l590:
   834                           
   835                           ;main.c: 18:         disable_D(0x01 | 0x02 | 0x04 | 0x08);
   836     07E7  300F               	movlw	15
   837     07E8  3187  27A9  3187   	fcall	_disable_D
   838     07EB                     l592:
   839                           
   840                           ;main.c: 19:         enable_B(0x01 | 0x02 | 0x04 | 0x08);
   841     07EB  300F               	movlw	15
   842     07EC  3187  27B0  3187   	fcall	_enable_B
   843     07EF                     l594:
   844                           
   845                           ;main.c: 20:         _delay((unsigned long)((500)*(8000000/4000.0)));
   846     07EF  3006               	movlw	6
   847     07F0  00F3               	movwf	??_main+1
   848     07F1  3013               	movlw	19
   849     07F2  00F2               	movwf	??_main
   850     07F3  30AE               	movlw	174
   851     07F4                     u27:
   852     07F4  0B89               	decfsz	9,f
   853     07F5  2FF4               	goto	u27
   854     07F6  0BF2               	decfsz	??_main,f
   855     07F7  2FF4               	goto	u27
   856     07F8  0BF3               	decfsz	??_main+1,f
   857     07F9  2FF4               	goto	u27
   858     07FA  2FD4               	goto	l19
   859     07FB  3180  2802         	ljmp	start
   860     07FD                     __end_of_main:
   861                           
   862                           	psect	text1
   863     07C5                     __ptext1:	
   864 ;; *************** function _output_D *****************
   865 ;; Defined at:
   866 ;;		line 3 in file "led.c"
   867 ;; Parameters:    Size  Location     Type
   868 ;;  mask            1    wreg     unsigned char 
   869 ;; Auto vars:     Size  Location     Type
   870 ;;  mask            1    1[COMMON] unsigned char 
   871 ;; Return value:  Size  Location     Type
   872 ;;                  1    wreg      void 
   873 ;; Registers used:
   874 ;;		wreg, status,2, status,0
   875 ;; Tracked objects:
   876 ;;		On entry : 0/0
   877 ;;		On exit  : 0/0
   878 ;;		Unchanged: 0/0
   879 ;; Data sizes:     COMMON   BANK0   BANK1   BANK2   BANK3   BANK4   BANK5   BANK6   BANK7   BANK8   BANK9  BANK10  BANK1
      +1  BANK12  BANK13  BANK14  BANK15  BANK16  BANK17  BANK18  BANK19  BANK20  BANK21  BANK22  BANK23  BANK24  BANK25
   880 ;;      Params:         0       0       0       0       0       0       0       0       0       0       0       0       
      +0       0       0       0       0       0       0       0       0       0       0       0       0       0       0
   881 ;;      Locals:         1       0       0       0       0       0       0       0       0       0       0       0       
      +0       0       0       0       0       0       0       0       0       0       0       0       0       0       0
   882 ;;      Temps:          1       0       0       0       0       0       0       0       0       0       0       0       
      +0       0       0       0       0       0       0       0       0       0       0       0       0       0       0
   883 ;;      Totals:         2       0       0       0       0       0       0       0       0       0       0       0       
      +0       0       0       0       0       0       0       0       0       0       0       0       0       0       0
   884 ;;Total ram usage:        2 bytes
   885 ;; Hardware stack levels used: 1
   886 ;; This function calls:
   887 ;;		Nothing
   888 ;; This function is called by:
   889 ;;		_main
   890 ;; This function uses a non-reentrant model
   891 ;;
   892                           
   893     07C5                     _output_D:	
   894                           ;psect for function _output_D
   895                           
   896                           
   897                           ;incstack = 0
   898                           ; Regs used in _output_D: [wreg+status,2+status,0]
   899                           ;output_D@mask stored from wreg
   900     07C5  00F1               	movwf	output_D@mask
   901     07C6                     l574:
   902                           
   903                           ;led.c: 3: void output_D(char mask);led.c: 4: {;led.c: 5:     TRISD &= ~mask;
   904     07C6  0971               	comf	output_D@mask,w	;volatile
   905     07C7  00F0               	movwf	??_output_D
   906     07C8  0870               	movf	??_output_D,w
   907     07C9  0021               	movlb	1	; select bank1
   908     07CA  058F               	andwf	15,f	;volatile
   909     07CB                     l33:
   910     07CB  0008               	return
   911     07CC                     __end_of_output_D:
   912                           
   913                           	psect	text2
   914     07BE                     __ptext2:	
   915 ;; *************** function _output_B *****************
   916 ;; Defined at:
   917 ;;		line 8 in file "led.c"
   918 ;; Parameters:    Size  Location     Type
   919 ;;  mask            1    wreg     unsigned char 
   920 ;; Auto vars:     Size  Location     Type
   921 ;;  mask            1    1[COMMON] unsigned char 
   922 ;; Return value:  Size  Location     Type
   923 ;;                  1    wreg      void 
   924 ;; Registers used:
   925 ;;		wreg, status,2, status,0
   926 ;; Tracked objects:
   927 ;;		On entry : 0/0
   928 ;;		On exit  : 0/0
   929 ;;		Unchanged: 0/0
   930 ;; Data sizes:     COMMON   BANK0   BANK1   BANK2   BANK3   BANK4   BANK5   BANK6   BANK7   BANK8   BANK9  BANK10  BANK1
      +1  BANK12  BANK13  BANK14  BANK15  BANK16  BANK17  BANK18  BANK19  BANK20  BANK21  BANK22  BANK23  BANK24  BANK25
   931 ;;      Params:         0       0       0       0       0       0       0       0       0       0       0       0       
      +0       0       0       0       0       0       0       0       0       0       0       0       0       0       0
   932 ;;      Locals:         1       0       0       0       0       0       0       0       0       0       0       0       
      +0       0       0       0       0       0       0       0       0       0       0       0       0       0       0
   933 ;;      Temps:          1       0       0       0       0       0       0       0       0       0       0       0       
      +0       0       0       0       0       0       0       0       0       0       0       0       0       0       0
   934 ;;      Totals:         2       0       0       0       0       0       0       0       0       0       0       0       
      +0       0       0       0       0       0       0       0       0       0       0       0       0       0       0
   935 ;;Total ram usage:        2 bytes
   936 ;; Hardware stack levels used: 1
   937 ;; This function calls:
   938 ;;		Nothing
   939 ;; This function is called by:
   940 ;;		_main
   941 ;; This function uses a non-reentrant model
   942 ;;
   943                           
   944     07BE                     _output_B:	
   945                           ;psect for function _output_B
   946                           
   947                           
   948                           ;incstack = 0
   949                           ; Regs used in _output_B: [wreg+status,2+status,0]
   950                           ;output_B@mask stored from wreg
   951     07BE  00F1               	movwf	output_B@mask
   952     07BF                     l576:
   953                           
   954                           ;led.c: 8: void output_B(char mask);led.c: 9: {;led.c: 10:     TRISB &= ~mask;
   955     07BF  0971               	comf	output_B@mask,w	;volatile
   956     07C0  00F0               	movwf	??_output_B
   957     07C1  0870               	movf	??_output_B,w
   958     07C2  0021               	movlb	1	; select bank1
   959     07C3  058D               	andwf	13,f	;volatile
   960     07C4                     l36:
   961     07C4  0008               	return
   962     07C5                     __end_of_output_B:
   963                           
   964                           	psect	text3
   965     07B7                     __ptext3:	
   966 ;; *************** function _enable_D *****************
   967 ;; Defined at:
   968 ;;		line 13 in file "led.c"
   969 ;; Parameters:    Size  Location     Type
   970 ;;  mask            1    wreg     unsigned char 
   971 ;; Auto vars:     Size  Location     Type
   972 ;;  mask            1    1[COMMON] unsigned char 
   973 ;; Return value:  Size  Location     Type
   974 ;;                  1    wreg      void 
   975 ;; Registers used:
   976 ;;		wreg, status,2, status,0
   977 ;; Tracked objects:
   978 ;;		On entry : 0/0
   979 ;;		On exit  : 0/0
   980 ;;		Unchanged: 0/0
   981 ;; Data sizes:     COMMON   BANK0   BANK1   BANK2   BANK3   BANK4   BANK5   BANK6   BANK7   BANK8   BANK9  BANK10  BANK1
      +1  BANK12  BANK13  BANK14  BANK15  BANK16  BANK17  BANK18  BANK19  BANK20  BANK21  BANK22  BANK23  BANK24  BANK25
   982 ;;      Params:         0       0       0       0       0       0       0       0       0       0       0       0       
      +0       0       0       0       0       0       0       0       0       0       0       0       0       0       0
   983 ;;      Locals:         1       0       0       0       0       0       0       0       0       0       0       0       
      +0       0       0       0       0       0       0       0       0       0       0       0       0       0       0
   984 ;;      Temps:          1       0       0       0       0       0       0       0       0       0       0       0       
      +0       0       0       0       0       0       0       0       0       0       0       0       0       0       0
   985 ;;      Totals:         2       0       0       0       0       0       0       0       0       0       0       0       
      +0       0       0       0       0       0       0       0       0       0       0       0       0       0       0
   986 ;;Total ram usage:        2 bytes
   987 ;; Hardware stack levels used: 1
   988 ;; This function calls:
   989 ;;		Nothing
   990 ;; This function is called by:
   991 ;;		_main
   992 ;; This function uses a non-reentrant model
   993 ;;
   994                           
   995     07B7                     _enable_D:	
   996                           ;psect for function _enable_D
   997                           
   998                           
   999                           ;incstack = 0
  1000                           ; Regs used in _enable_D: [wreg+status,2+status,0]
  1001                           ;enable_D@mask stored from wreg
  1002     07B7  00F1               	movwf	enable_D@mask
  1003     07B8                     l578:
  1004                           
  1005                           ;led.c: 13: void enable_D(char mask);led.c: 14: {;led.c: 15:     LATD |= mask;
  1006     07B8  0871               	movf	enable_D@mask,w	;volatile
  1007     07B9  00F0               	movwf	??_enable_D
  1008     07BA  0870               	movf	??_enable_D,w
  1009     07BB  0022               	movlb	2	; select bank2
  1010     07BC  048F               	iorwf	15,f	;volatile
  1011     07BD                     l39:
  1012     07BD  0008               	return
  1013     07BE                     __end_of_enable_D:
  1014                           
  1015                           	psect	text4
  1016     07B0                     __ptext4:	
  1017 ;; *************** function _enable_B *****************
  1018 ;; Defined at:
  1019 ;;		line 28 in file "led.c"
  1020 ;; Parameters:    Size  Location     Type
  1021 ;;  mask            1    wreg     unsigned char 
  1022 ;; Auto vars:     Size  Location     Type
  1023 ;;  mask            1    1[COMMON] unsigned char 
  1024 ;; Return value:  Size  Location     Type
  1025 ;;                  1    wreg      void 
  1026 ;; Registers used:
  1027 ;;		wreg, status,2, status,0
  1028 ;; Tracked objects:
  1029 ;;		On entry : 0/0
  1030 ;;		On exit  : 0/0
  1031 ;;		Unchanged: 0/0
  1032 ;; Data sizes:     COMMON   BANK0   BANK1   BANK2   BANK3   BANK4   BANK5   BANK6   BANK7   BANK8   BANK9  BANK10  BANK1
      +1  BANK12  BANK13  BANK14  BANK15  BANK16  BANK17  BANK18  BANK19  BANK20  BANK21  BANK22  BANK23  BANK24  BANK25
  1033 ;;      Params:         0       0       0       0       0       0       0       0       0       0       0       0       
      +0       0       0       0       0       0       0       0       0       0       0       0       0       0       0
  1034 ;;      Locals:         1       0       0       0       0       0       0       0       0       0       0       0       
      +0       0       0       0       0       0       0       0       0       0       0       0       0       0       0
  1035 ;;      Temps:          1       0       0       0       0       0       0       0       0       0       0       0       
      +0       0       0       0       0       0       0       0       0       0       0       0       0       0       0
  1036 ;;      Totals:         2       0       0       0       0       0       0       0       0       0       0       0       
      +0       0       0       0       0       0       0       0       0       0       0       0       0       0       0
  1037 ;;Total ram usage:        2 bytes
  1038 ;; Hardware stack levels used: 1
  1039 ;; This function calls:
  1040 ;;		Nothing
  1041 ;; This function is called by:
  1042 ;;		_main
  1043 ;; This function uses a non-reentrant model
  1044 ;;
  1045                           
  1046     07B0                     _enable_B:	
  1047                           ;psect for function _enable_B
  1048                           
  1049                           
  1050                           ;incstack = 0
  1051                           ; Regs used in _enable_B: [wreg+status,2+status,0]
  1052                           ;enable_B@mask stored from wreg
  1053     07B0  00F1               	movwf	enable_B@mask
  1054     07B1                     l584:
  1055                           
  1056                           ;led.c: 28: void enable_B(char mask);led.c: 29: {;led.c: 30:     LATB |= mask;
  1057     07B1  0871               	movf	enable_B@mask,w	;volatile
  1058     07B2  00F0               	movwf	??_enable_B
  1059     07B3  0870               	movf	??_enable_B,w
  1060     07B4  0022               	movlb	2	; select bank2
  1061     07B5  048D               	iorwf	13,f	;volatile
  1062     07B6                     l48:
  1063     07B6  0008               	return
  1064     07B7                     __end_of_enable_B:
  1065                           
  1066                           	psect	text5
  1067     07A9                     __ptext5:	
  1068 ;; *************** function _disable_D *****************
  1069 ;; Defined at:
  1070 ;;		line 18 in file "led.c"
  1071 ;; Parameters:    Size  Location     Type
  1072 ;;  mask            1    wreg     unsigned char 
  1073 ;; Auto vars:     Size  Location     Type
  1074 ;;  mask            1    1[COMMON] unsigned char 
  1075 ;; Return value:  Size  Location     Type
  1076 ;;                  1    wreg      void 
  1077 ;; Registers used:
  1078 ;;		wreg, status,2, status,0
  1079 ;; Tracked objects:
  1080 ;;		On entry : 0/0
  1081 ;;		On exit  : 0/0
  1082 ;;		Unchanged: 0/0
  1083 ;; Data sizes:     COMMON   BANK0   BANK1   BANK2   BANK3   BANK4   BANK5   BANK6   BANK7   BANK8   BANK9  BANK10  BANK1
      +1  BANK12  BANK13  BANK14  BANK15  BANK16  BANK17  BANK18  BANK19  BANK20  BANK21  BANK22  BANK23  BANK24  BANK25
  1084 ;;      Params:         0       0       0       0       0       0       0       0       0       0       0       0       
      +0       0       0       0       0       0       0       0       0       0       0       0       0       0       0
  1085 ;;      Locals:         1       0       0       0       0       0       0       0       0       0       0       0       
      +0       0       0       0       0       0       0       0       0       0       0       0       0       0       0
  1086 ;;      Temps:          1       0       0       0       0       0       0       0       0       0       0       0       
      +0       0       0       0       0       0       0       0       0       0       0       0       0       0       0
  1087 ;;      Totals:         2       0       0       0       0       0       0       0       0       0       0       0       
      +0       0       0       0       0       0       0       0       0       0       0       0       0       0       0
  1088 ;;Total ram usage:        2 bytes
  1089 ;; Hardware stack levels used: 1
  1090 ;; This function calls:
  1091 ;;		Nothing
  1092 ;; This function is called by:
  1093 ;;		_main
  1094 ;; This function uses a non-reentrant model
  1095 ;;
  1096                           
  1097     07A9                     _disable_D:	
  1098                           ;psect for function _disable_D
  1099                           
  1100                           
  1101                           ;incstack = 0
  1102                           ; Regs used in _disable_D: [wreg+status,2+status,0]
  1103                           ;disable_D@mask stored from wreg
  1104     07A9  00F1               	movwf	disable_D@mask
  1105     07AA                     l582:
  1106                           
  1107                           ;led.c: 18: void disable_D(char mask);led.c: 19: {;led.c: 20:     LATD &= ~mask;
  1108     07AA  0971               	comf	disable_D@mask,w	;volatile
  1109     07AB  00F0               	movwf	??_disable_D
  1110     07AC  0870               	movf	??_disable_D,w
  1111     07AD  0022               	movlb	2	; select bank2
  1112     07AE  058F               	andwf	15,f	;volatile
  1113     07AF                     l42:
  1114     07AF  0008               	return
  1115     07B0                     __end_of_disable_D:
  1116                           
  1117                           	psect	text6
  1118     07A2                     __ptext6:	
  1119 ;; *************** function _disable_B *****************
  1120 ;; Defined at:
  1121 ;;		line 23 in file "led.c"
  1122 ;; Parameters:    Size  Location     Type
  1123 ;;  mask            1    wreg     unsigned char 
  1124 ;; Auto vars:     Size  Location     Type
  1125 ;;  mask            1    1[COMMON] unsigned char 
  1126 ;; Return value:  Size  Location     Type
  1127 ;;                  1    wreg      void 
  1128 ;; Registers used:
  1129 ;;		wreg, status,2, status,0
  1130 ;; Tracked objects:
  1131 ;;		On entry : 0/0
  1132 ;;		On exit  : 0/0
  1133 ;;		Unchanged: 0/0
  1134 ;; Data sizes:     COMMON   BANK0   BANK1   BANK2   BANK3   BANK4   BANK5   BANK6   BANK7   BANK8   BANK9  BANK10  BANK1
      +1  BANK12  BANK13  BANK14  BANK15  BANK16  BANK17  BANK18  BANK19  BANK20  BANK21  BANK22  BANK23  BANK24  BANK25
  1135 ;;      Params:         0       0       0       0       0       0       0       0       0       0       0       0       
      +0       0       0       0       0       0       0       0       0       0       0       0       0       0       0
  1136 ;;      Locals:         1       0       0       0       0       0       0       0       0       0       0       0       
      +0       0       0       0       0       0       0       0       0       0       0       0       0       0       0
  1137 ;;      Temps:          1       0       0       0       0       0       0       0       0       0       0       0       
      +0       0       0       0       0       0       0       0       0       0       0       0       0       0       0
  1138 ;;      Totals:         2       0       0       0       0       0       0       0       0       0       0       0       
      +0       0       0       0       0       0       0       0       0       0       0       0       0       0       0
  1139 ;;Total ram usage:        2 bytes
  1140 ;; Hardware stack levels used: 1
  1141 ;; This function calls:
  1142 ;;		Nothing
  1143 ;; This function is called by:
  1144 ;;		_main
  1145 ;; This function uses a non-reentrant model
  1146 ;;
  1147                           
  1148     07A2                     _disable_B:	
  1149                           ;psect for function _disable_B
  1150                           
  1151                           
  1152                           ;incstack = 0
  1153                           ; Regs used in _disable_B: [wreg+status,2+status,0]
  1154                           ;disable_B@mask stored from wreg
  1155     07A2  00F1               	movwf	disable_B@mask
  1156     07A3                     l580:
  1157                           
  1158                           ;led.c: 23: void disable_B(char mask);led.c: 24: {;led.c: 25:     LATB &= ~mask;
  1159     07A3  0971               	comf	disable_B@mask,w	;volatile
  1160     07A4  00F0               	movwf	??_disable_B
  1161     07A5  0870               	movf	??_disable_B,w
  1162     07A6  0022               	movlb	2	; select bank2
  1163     07A7  058D               	andwf	13,f	;volatile
  1164     07A8                     l45:
  1165     07A8  0008               	return
  1166     07A9                     __end_of_disable_B:
  1167     007E                     btemp	set	126	;btemp
  1168     007E                     wtemp0	set	126
  1169                           
  1170                           	psect	config
  1171                           
  1172                           ;Config register CONFIG1 @ 0x8007
  1173                           ;	Oscillator Selection Bits
  1174                           ;	FOSC = HS, HS Oscillator, High-speed crystal/resonator connected between OSC1 and OSC2
      +                           pins
  1175                           ;	Watchdog Timer Enable
  1176                           ;	WDTE = SWDTEN, WDT controlled by the SWDTEN bit in the WDTCON register
  1177                           ;	Power-up Timer Enable
  1178                           ;	PWRTE = OFF, PWRT disabled
  1179                           ;	MCLR Pin Function Select
  1180                           ;	MCLRE = ON, MCLR/VPP pin function is MCLR
  1181                           ;	Flash Program Memory Code Protection
  1182                           ;	CP = OFF, Program memory code protection is disabled
  1183                           ;	Brown-out Reset Enable
  1184                           ;	BOREN = ON, Brown-out Reset enabled
  1185                           ;	Clock Out Enable
  1186                           ;	CLKOUTEN = OFF, CLKOUT function is disabled. I/O or oscillator function on the CLKOUT 
      +                          pin
  1187                           ;	Internal/External Switchover Mode
  1188                           ;	IESO = ON, Internal/External Switchover Mode is enabled
  1189                           ;	Fail-Safe Clock Monitor Enable
  1190                           ;	FCMEN = ON, Fail-Safe Clock Monitor is enabled
  1191     8007                     	org	32775
  1192     8007  3FEA               	dw	16362
  1193                           
  1194                           ;Config register CONFIG2 @ 0x8008
  1195                           ;	Flash Memory Self-Write Protection
  1196                           ;	WRT = OFF, Write protection off
  1197                           ;	Peripheral Pin Select one-way control
  1198                           ;	PPS1WAY = OFF, The PPSLOCK bit can be set and cleared repeatedly by software
  1199                           ;	Zero-cross detect disable
  1200                           ;	ZCDDIS = ON, ZCD disabled. ZCD can be enabled by setting the ZCDSEN bit of ZCDCON
  1201                           ;	Phase Lock Loop enable
  1202                           ;	PLLEN = OFF, 4x PLL is disabled
  1203                           ;	Stack Overflow/Underflow Reset Enable
  1204                           ;	STVREN = ON, Stack Overflow or Underflow will cause a Reset
  1205                           ;	Brown-out Reset Voltage Selection
  1206                           ;	BORV = LO, Brown-out Reset Voltage (Vbor), low trip point selected.
  1207                           ;	Low-Power Brown Out Reset
  1208                           ;	LPBOR = OFF, Low-Power BOR is disabled
  1209                           ;	In-Circuit Debugger Mode
  1210                           ;	DEBUG = 0x1, unprogrammed default
  1211                           ;	Low-Voltage Programming Enable
  1212                           ;	LVP = OFF, High-voltage on MCLR/VPP must be used for programming
  1213     8008                     	org	32776
  1214     8008  1EFB               	dw	7931

Data Sizes:
    Strings     0
    Constant    0
    Data        0
    BSS         0
    Persistent  32
    Stack       0

Auto Spaces:
    Space          Size  Autos    Used
    COMMON           14      4       4
    BANK0            80      0       0
    BANK1            80      0       0
    BANK2            80      0       0
    BANK3            80      0       0
    BANK4            80      0       0
    BANK5            80      0       0
    BANK6            80      0       0
    BANK7            80      0       0
    BANK8            80      0       0
    BANK9            80      0       0
    BANK10           80      0       0
    BANK11           80      0       0
    BANK12           80      0       0
    BANK13           80      0       0
    BANK14           80      0       0
    BANK15           80      0       0
    BANK16           80      0       0
    BANK17           80      0       0
    BANK18           80      0       0
    BANK19           80      0       0
    BANK20           80      0       0
    BANK21           80      0       0
    BANK22           80      0       0
    BANK23           80      0       0
    BANK24           80      0       0
    BANK25           32      0       0

Pointer List with Targets:

    None.

Critical Paths under _main in COMMON

    _main->_disable_B
    _main->_disable_D
    _main->_enable_B
    _main->_enable_D
    _main->_output_B
    _main->_output_D

Critical Paths under _main in BANK0

    None.

Critical Paths under _main in BANK1

    None.

Critical Paths under _main in BANK2

    None.

Critical Paths under _main in BANK3

    None.

Critical Paths under _main in BANK4

    None.

Critical Paths under _main in BANK5

    None.

Critical Paths under _main in BANK6

    None.

Critical Paths under _main in BANK7

    None.

Critical Paths under _main in BANK8

    None.

Critical Paths under _main in BANK9

    None.

Critical Paths under _main in BANK10

    None.

Critical Paths under _main in BANK11

    None.

Critical Paths under _main in BANK12

    None.

Critical Paths under _main in BANK13

    None.

Critical Paths under _main in BANK14

    None.

Critical Paths under _main in BANK15

    None.

Critical Paths under _main in BANK16

    None.

Critical Paths under _main in BANK17

    None.

Critical Paths under _main in BANK18

    None.

Critical Paths under _main in BANK19

    None.

Critical Paths under _main in BANK20

    None.

Critical Paths under _main in BANK21

    None.

Critical Paths under _main in BANK22

    None.

Critical Paths under _main in BANK23

    None.

Critical Paths under _main in BANK24

    None.

Critical Paths under _main in BANK25

    None.

Call Graph Tables:

 ---------------------------------------------------------------------------------
 (Depth) Function   	        Calls       Base Space   Used Autos Params    Refs
 ---------------------------------------------------------------------------------
 (0) _main                                                 2     2      0      90
                                              2 COMMON     2     2      0
                          _disable_B
                          _disable_D
                           _enable_B
                           _enable_D
                           _output_B
                           _output_D
 ---------------------------------------------------------------------------------
 (1) _output_D                                             2     2      0      15
                                              0 COMMON     2     2      0
 ---------------------------------------------------------------------------------
 (1) _output_B                                             2     2      0      15
                                              0 COMMON     2     2      0
 ---------------------------------------------------------------------------------
 (1) _enable_D                                             2     2      0      15
                                              0 COMMON     2     2      0
 ---------------------------------------------------------------------------------
 (1) _enable_B                                             2     2      0      15
                                              0 COMMON     2     2      0
 ---------------------------------------------------------------------------------
 (1) _disable_D                                            2     2      0      15
                                              0 COMMON     2     2      0
 ---------------------------------------------------------------------------------
 (1) _disable_B                                            2     2      0      15
                                              0 COMMON     2     2      0
 ---------------------------------------------------------------------------------
 Estimated maximum stack depth 1
 ---------------------------------------------------------------------------------

 Call Graph Graphs:

 _main (ROOT)
   _disable_B
   _disable_D
   _enable_B
   _enable_D
   _output_B
   _output_D

 Address spaces:
Name               Size   Autos  Total    Cost      Usage
BIGRAM             7F0      0       0       0        0.0%
NULL                 0      0       0       0        0.0%
CODE                 0      0       0       0        0.0%
BITCOMMON            E      0       0       1        0.0%
BITSFR0              0      0       0       1        0.0%
SFR0                 0      0       0       1        0.0%
COMMON               E      4       4       2       28.6%
BITSFR1              0      0       0       2        0.0%
SFR1                 0      0       0       2        0.0%
BITSFR2              0      0       0       3        0.0%
SFR2                 0      0       0       3        0.0%
STACK                0      0       0       3        0.0%
BITBANK0            50      0       0       4        0.0%
BITSFR3              0      0       0       4        0.0%
SFR3                 0      0       0       4        0.0%
BANK0               50      0       0       5        0.0%
BITSFR4              0      0       0       5        0.0%
SFR4                 0      0       0       5        0.0%
BITBANK1            50      0       0       6        0.0%
BITSFR5              0      0       0       6        0.0%
SFR5                 0      0       0       6        0.0%
BANK1               50      0       0       7        0.0%
BITSFR6              0      0       0       7        0.0%
SFR6                 0      0       0       7        0.0%
BITBANK2            50      0       0       8        0.0%
BITSFR7              0      0       0       8        0.0%
SFR7                 0      0       0       8        0.0%
BANK2               50      0       0       9        0.0%
BITSFR8              0      0       0       9        0.0%
SFR8                 0      0       0       9        0.0%
BITBANK3            50      0       0      10        0.0%
BITSFR9              0      0       0      10        0.0%
SFR9                 0      0       0      10        0.0%
BANK3               50      0       0      11        0.0%
BITSFR10             0      0       0      11        0.0%
SFR10                0      0       0      11        0.0%
BITBANK4            50      0       0      12        0.0%
BITSFR11             0      0       0      12        0.0%
SFR11                0      0       0      12        0.0%
BANK4               50      0       0      13        0.0%
BITSFR12             0      0       0      13        0.0%
SFR12                0      0       0      13        0.0%
BITSFR13             0      0       0      14        0.0%
SFR13                0      0       0      14        0.0%
ABS                  0      0       0      14        0.0%
BITBANK5            50      0       0      15        0.0%
BITSFR14             0      0       0      15        0.0%
SFR14                0      0       0      15        0.0%
BANK5               50      0       0      16        0.0%
BITSFR15             0      0       0      16        0.0%
SFR15                0      0       0      16        0.0%
BITBANK6            50      0       0      17        0.0%
BITSFR16             0      0       0      17        0.0%
SFR16                0      0       0      17        0.0%
BANK6               50      0       0      18        0.0%
BITSFR17             0      0       0      18        0.0%
SFR17                0      0       0      18        0.0%
BITBANK7            50      0       0      19        0.0%
BITSFR18             0      0       0      19        0.0%
SFR18                0      0       0      19        0.0%
BANK7               50      0       0      20        0.0%
BITSFR19             0      0       0      20        0.0%
SFR19                0      0       0      20        0.0%
BITBANK8            50      0       0      21        0.0%
BITSFR20             0      0       0      21        0.0%
SFR20                0      0       0      21        0.0%
BANK8               50      0       0      22        0.0%
BITSFR21             0      0       0      22        0.0%
SFR21                0      0       0      22        0.0%
BITBANK9            50      0       0      23        0.0%
BITSFR22             0      0       0      23        0.0%
SFR22                0      0       0      23        0.0%
BANK9               50      0       0      24        0.0%
BITSFR23             0      0       0      24        0.0%
SFR23                0      0       0      24        0.0%
BITBANK10           50      0       0      25        0.0%
BITSFR24             0      0       0      25        0.0%
SFR24                0      0       0      25        0.0%
BANK10              50      0       0      26        0.0%
BITSFR25             0      0       0      26        0.0%
SFR25                0      0       0      26        0.0%
BITBANK11           50      0       0      27        0.0%
BITSFR26             0      0       0      27        0.0%
SFR26                0      0       0      27        0.0%
BITSFR27             0      0       0      28        0.0%
SFR27                0      0       0      28        0.0%
DATA                 0      0       0      28        0.0%
BANK11              50      0       0      29        0.0%
BITSFR28             0      0       0      29        0.0%
SFR28                0      0       0      29        0.0%
BITBANK12           50      0       0      30        0.0%
BITSFR29             0      0       0      30        0.0%
SFR29                0      0       0      30        0.0%
BANK12              50      0       0      31        0.0%
BITSFR30             0      0       0      31        0.0%
SFR30                0      0       0      31        0.0%
BITBANK13           50      0       0      32        0.0%
BITSFR31             0      0       0      32        0.0%
SFR31                0      0       0      32        0.0%
BANK13              50      0       0      33        0.0%
BITBANK14           50      0       0      34        0.0%
BANK14              50      0       0      35        0.0%
BITBANK15           50      0       0      36        0.0%
BANK15              50      0       0      37        0.0%
BITBANK16           50      0       0      38        0.0%
BANK16              50      0       0      39        0.0%
BITBANK17           50      0       0      40        0.0%
BANK17              50      0       0      41        0.0%
BITBANK18           50      0       0      42        0.0%
BANK18              50      0       0      43        0.0%
BITBANK19           50      0       0      44        0.0%
BANK19              50      0       0      45        0.0%
BITBANK20           50      0       0      46        0.0%
BANK20              50      0       0      47        0.0%
BITBANK21           50      0       0      48        0.0%
BANK21              50      0       0      49        0.0%
BITBANK22           50      0       0      50        0.0%
BANK22              50      0       0      51        0.0%
BITBANK23           50      0       0      52        0.0%
BANK23              50      0       0      53        0.0%
BITBANK24           50      0       0      54        0.0%
BANK24              50      0       0      55        0.0%
BITBANK25           20      0       0      56        0.0%
BANK25              20      0       0      57        0.0%


Microchip Technology PIC Macro Assembler V2.46 build 20240104201356 
Symbol Table                                                                                   Fri Jan 24 09:35:07 2025

                     l33 07CB                       l42 07AF                       l19 07D4  
                     l36 07C4                       l45 07A8                       l39 07BD  
                     l48 07B6                       u17 07E1                       u27 07F4  
                    l580 07A3                      l582 07AA                      l574 07C6  
                    l590 07E7                      l584 07B1                      l576 07BF  
                    l592 07EB                      l578 07B8                      l594 07EF  
                    l586 07CC                      l588 07DC                      wreg 0009  
                   _LATB 010D                     _LATD 010F                     _main 07CC  
                   btemp 007E                     start 0002                    ?_main 0070  
                  _TRISB 008D                    _TRISD 008F                    wtemp0 007E  
        __initialization 07FD             __end_of_main 07FD                   ??_main 0072  
       __end_of_enable_B 07B7         __end_of_enable_D 07BE         __end_of_output_B 07C5  
       __end_of_output_D 07CC  __end_of__initialization 07FD           __pcstackCOMMON 0070  
           output_B@mask 0071             output_D@mask 0071               __pmaintext 07CC  
              ?_enable_B 0070                ?_enable_D 0070        __end_of_disable_B 07A9  
      __end_of_disable_D 07B0                ?_output_B 0070                ?_output_D 0070  
                __ptext1 07C5                  __ptext2 07BE                  __ptext3 07B7  
                __ptext4 07B0                  __ptext5 07A9                  __ptext6 07A2  
             ??_enable_B 0070               ??_enable_D 0070     end_of_initialization 07FD  
             ??_output_B 0070               ??_output_D 0070      start_initialization 07FD  
              ___latbits 0003                _disable_B 07A2                _disable_D 07A9  
             ?_disable_B 0070               ?_disable_D 0070                 _enable_B 07B0  
               _enable_D 07B7            disable_B@mask 0071            disable_D@mask 0071  
            ??_disable_B 0070              ??_disable_D 0070                 _output_B 07BE  
               _output_D 07C5             enable_B@mask 0071             enable_D@mask 0071  
